2009.02.13 14:17 B E:\www\astronovel\Fotos\m42.jpg --> astronovel.dyndns.org /Desktop m42.jpg
2009.02.13 14:17 B E:\www\astronovel\Fotos\m42.jpg --> astronovel.dyndns.org /Desktop m42.jpg
2009.02.13 14:17 B E:\www\astronovel\Fotos\m42.jpg --> astronovel.dyndns.org /Desktop m42.jpg
2009.02.13 16:41 B E:\www\astronovel\Fotos\m42.jpg --> astronovel.dyndns.org /Fotos m42.jpg
2009.02.13 16:41 B E:\www\astronovel\Fotos\m42.jpg --> astronovel.dyndns.org /Fotos m42.jpg
2009.02.13 16:41 B E:\www\astronovel\Fotos\m42.jpg --> astronovel.dyndns.org /Fotos m42.jpg
2009.02.13 16:41 B E:\www\astronovel\Fotos\m42.jpg --> astronovel.dyndns.org /Fotos m42.jpg
2009.02.13 16:41 B E:\www\astronovel\Fotos\Saturno.jpg --> astronovel.dyndns.org /Fotos Saturno.jpg
2009.02.13 16:41 B E:\www\astronovel\Fotos\m42.jpg --> astronovel.dyndns.org /Fotos m42.jpg
2009.02.13 16:42 B E:\www\astronovel\Fotos\m42.jpg --> astronovel.dyndns.org /Fotos m42.jpg
2009.02.13 16:42 B E:\www\astronovel\Fotos\m42.jpg --> astronovel.dyndns.org /Fotos m42.jpg
2009.02.13 16:42 B E:\www\astronovel\Fotos\m42.jpg --> astronovel.dyndns.org /Fotos m42.jpg
2009.02.13 22:58 B E:\www\astronovel\Fotos\m1rgb.jpg --> astronovel.dyndns.org /Fotos m1rgb.jpg
2009.02.14 00:40 B E:\www\astronovel\Fotos\ngc2264.jpg --> astronovel.dyndns.org /Fotos ngc2264.jpg
2009.02.14 00:47 B E:\www\astronovel\Fotos\ngc2261.jpg --> astronovel.dyndns.org /Fotos ngc2261.jpg
2009.02.15 23:53 B E:\www\astronovel\Fotos\m42rgbl.jpg --> astronovel.dyndns.org /Fotos m42rgbl.jpg
2009.02.16 00:32 B E:\www\astronovel\Fotos\m42rgbl.jpg --> astronovel.dyndns.org /Fotos m42rgbl.jpg
2009.02.16 01:50 B E:\www\astronovel\Fotos\M65.jpg --> astronovel.dyndns.org /Fotos M65.jpg
2009.02.16 02:30 B E:\www\astronovel\Fotos\M65rgb.jpg --> astronovel.dyndns.org /Fotos M65rgb.jpg
2009.02.16 03:27 B E:\www\astronovel\Fotos\M66.jpg --> astronovel.dyndns.org /Fotos M66.jpg
2009.02.18 05:17 B E:\www\astronovel\Fotos\lulin.jpg --> astronovel.dyndns.org /Fotos lulin.jpg
2009.02.18 05:17 B E:\www\astronovel\Fotos\lulin1.jpg --> astronovel.dyndns.org /Fotos lulin1.jpg
2009.02.18 13:02 B E:\www\astronovel\Fotos\m42rgb2.jpg --> astronovel.dyndns.org /Fotos m42rgb2.jpg
2009.02.18 13:02 B E:\www\astronovel\Fotos\m1rgb2.jpg --> astronovel.dyndns.org /Fotos m1rgb2.jpg
2009.02.24 12:09 B E:\www\astronovel\Fotos\lulin rgb.jpg --> astronovel.dyndns.org /Fotos lulin rgb.jpg
2009.02.24 20:34 B E:\www\astronovel\Fotos\cc.jpg --> astronovel.dyndns.org /Fotos cc.jpg
2009.02.24 20:34 B E:\www\astronovel\Fotos\cc.jpg --> astronovel.dyndns.org /Fotos cc.jpg
2009.02.24 20:35 B E:\www\astronovel\Fotos\M97rgb.jpg --> astronovel.dyndns.org /Fotos M97rgb.jpg
2009.02.24 20:35 B E:\www\astronovel\Fotos\cc.jpg --> astronovel.dyndns.org /Fotos cc.jpg
2009.02.24 20:35 B E:\www\astronovel\Fotos\lulin rgb.jpg --> astronovel.dyndns.org /Fotos lulin rgb.jpg
2009.02.24 20:35 B E:\www\astronovel\Fotos\luna.jpg --> astronovel.dyndns.org /Fotos luna.jpg
2009.02.24 20:35 B E:\www\astronovel\Fotos\M1.jpg --> astronovel.dyndns.org /Fotos M1.jpg
2009.02.24 20:35 B E:\www\astronovel\Fotos\m1rgb2.jpg --> astronovel.dyndns.org /Fotos m1rgb2.jpg
2009.02.24 20:35 B E:\www\astronovel\Fotos\m42rgb2.jpg --> astronovel.dyndns.org /Fotos m42rgb2.jpg
2009.02.24 20:35 B E:\www\astronovel\Fotos\m42rgbl.jpg --> astronovel.dyndns.org /Fotos m42rgbl.jpg
2009.02.24 20:35 B E:\www\astronovel\Fotos\M65rgb.jpg --> astronovel.dyndns.org /Fotos M65rgb.jpg
2009.02.24 20:35 B E:\www\astronovel\Fotos\M66.jpg --> astronovel.dyndns.org /Fotos M66.jpg
2009.02.24 20:35 B E:\www\astronovel\Fotos\M82rgb.jpg --> astronovel.dyndns.org /Fotos M82rgb.jpg
2009.02.24 20:35 B E:\www\astronovel\Fotos\M97rgb.jpg --> astronovel.dyndns.org /Fotos M97rgb.jpg
2009.02.24 20:35 B E:\www\astronovel\Fotos\ngc2261.jpg --> astronovel.dyndns.org /Fotos ngc2261.jpg
2009.02.24 20:35 B E:\www\astronovel\Fotos\ngc2264.jpg --> astronovel.dyndns.org /Fotos ngc2264.jpg
2009.02.24 20:35 B E:\www\astronovel\Fotos\ngc3628.jpg --> astronovel.dyndns.org /Fotos ngc3628.jpg
2010.10.04 19:50 B E:\www\astronovel\Fotos\2392.jpg --> ftp.telepolis.com /Fotos 2392.jpg
2010.10.04 19:50 B E:\www\astronovel\Fotos\cc.jpg --> ftp.telepolis.com /Fotos cc.jpg
2010.10.04 19:52 B E:\www\astronovel\Fotos\CIMG2155.JPG --> ftp.telepolis.com /Fotos CIMG2155.JPG
2012.05.30 16:56 B F:\www\astronovel webege\Fotos\2392.jpg --> astronovel.webege.com /public_html/Fotos 2392.jpg
2012.05.30 16:56 B F:\www\astronovel webege\Fotos\cc.jpg --> astronovel.webege.com /public_html/Fotos cc.jpg
2012.05.30 16:57 B F:\www\astronovel webege\Fotos\CIMG2155.JPG --> astronovel.webege.com /public_html/Fotos CIMG2155.JPG
2012.05.30 16:57 B F:\www\astronovel webege\Fotos\CIMG2156.JPG --> astronovel.webege.com /public_html/Fotos CIMG2156.JPG
2012.05.30 16:58 B F:\www\astronovel webege\Fotos\CIMG2157.JPG --> astronovel.webege.com /public_html/Fotos CIMG2157.JPG
2012.05.30 16:58 B F:\www\astronovel webege\Fotos\CIMG2158.JPG --> astronovel.webege.com /public_html/Fotos CIMG2158.JPG
2012.05.30 16:59 B F:\www\astronovel webege\Fotos\CIMG2159.JPG --> astronovel.webege.com /public_html/Fotos CIMG2159.JPG
2012.05.30 16:59 B F:\www\astronovel webege\Fotos\l3.jpg --> astronovel.webege.com /public_html/Fotos l3.jpg
2012.05.30 16:59 B F:\www\astronovel webege\Fotos\ll.jpg --> astronovel.webege.com /public_html/Fotos ll.jpg
2012.05.30 16:59 B F:\www\astronovel webege\Fotos\ll2.jpg --> astronovel.webege.com /public_html/Fotos ll2.jpg
2012.05.30 16:59 B F:\www\astronovel webege\Fotos\lulin rgb.jpg --> astronovel.webege.com /public_html/Fotos lulin rgb.jpg
2012.05.30 16:59 B F:\www\astronovel webege\Fotos\luna.jpg --> astronovel.webege.com /public_html/Fotos luna.jpg
2012.05.30 16:59 B F:\www\astronovel webege\Fotos\M1.jpg --> astronovel.webege.com /public_html/Fotos M1.jpg
2012.05.30 16:59 B F:\www\astronovel webege\Fotos\m1rgb2.jpg --> astronovel.webege.com /public_html/Fotos m1rgb2.jpg
2012.05.30 16:59 B F:\www\astronovel webege\Fotos\m35.jpg --> astronovel.webege.com /public_html/Fotos m35.jpg
2012.05.30 17:00 B F:\www\astronovel webege\Fotos\m42.jpg --> astronovel.webege.com /public_html/Fotos m42.jpg
2012.05.30 17:00 B F:\www\astronovel webege\Fotos\m42rgb2.jpg --> astronovel.webege.com /public_html/Fotos m42rgb2.jpg
2012.05.30 17:00 B F:\www\astronovel webege\Fotos\m42rgbl.jpg --> astronovel.webege.com /public_html/Fotos m42rgbl.jpg
2012.05.30 17:00 B F:\www\astronovel webege\Fotos\M65.jpg --> astronovel.webege.com /public_html/Fotos M65.jpg
2012.05.30 17:00 B F:\www\astronovel webege\Fotos\M65rgb.jpg --> astronovel.webege.com /public_html/Fotos M65rgb.jpg
2012.05.30 17:00 B F:\www\astronovel webege\Fotos\M66.jpg --> astronovel.webege.com /public_html/Fotos M66.jpg
2012.05.30 17:00 B F:\www\astronovel webege\Fotos\M82rgb.jpg --> astronovel.webege.com /public_html/Fotos M82rgb.jpg
2012.05.30 17:00 B F:\www\astronovel webege\Fotos\M97rgb.jpg --> astronovel.webege.com /public_html/Fotos M97rgb.jpg
2012.05.30 17:00 B F:\www\astronovel webege\Fotos\ngc2261.jpg --> astronovel.webege.com /public_html/Fotos ngc2261.jpg
2012.05.30 17:00 B F:\www\astronovel webege\Fotos\ngc2264.jpg --> astronovel.webege.com /public_html/Fotos ngc2264.jpg
2012.05.30 17:00 B F:\www\astronovel webege\Fotos\ngc3628.jpg --> astronovel.webege.com /public_html/Fotos ngc3628.jpg
2012.05.30 17:00 B F:\www\astronovel webege\Fotos\Saturno.jpg --> astronovel.webege.com /public_html/Fotos Saturno.jpg
2012.05.30 17:00 B F:\www\astronovel webege\Fotos\Thumbs.db --> astronovel.webege.com /public_html/Fotos Thumbs.db
2012.05.30 17:00 B F:\www\astronovel webege\Fotos\WS_FTP.LOG --> astronovel.webege.com /public_html/Fotos WS_FTP.LOG
2015.09.02 00:17 B G:\De fat32\www\astronovel NC\Fotos\2392.jpg --> astronovel.net16.net /public_html/Fotos 2392.jpg
2015.09.02 00:17 B G:\De fat32\www\astronovel NC\Fotos\cc.jpg --> astronovel.net16.net /public_html/Fotos cc.jpg
2015.09.02 00:17 B G:\De fat32\www\astronovel NC\Fotos\CIMG2155.JPG --> astronovel.net16.net /public_html/Fotos CIMG2155.JPG
2015.09.02 00:18 B G:\De fat32\www\astronovel NC\Fotos\CIMG2156.JPG --> astronovel.net16.net /public_html/Fotos CIMG2156.JPG
2015.09.02 00:19 B G:\De fat32\www\astronovel NC\Fotos\CIMG2157.JPG --> astronovel.net16.net /public_html/Fotos CIMG2157.JPG
2015.09.02 00:19 B G:\De fat32\www\astronovel NC\Fotos\CIMG2158.JPG --> astronovel.net16.net /public_html/Fotos CIMG2158.JPG
2015.09.02 00:20 B G:\De fat32\www\astronovel NC\Fotos\CIMG2159.JPG --> astronovel.net16.net /public_html/Fotos CIMG2159.JPG
2015.09.02 00:20 B G:\De fat32\www\astronovel NC\Fotos\l3.jpg --> astronovel.net16.net /public_html/Fotos l3.jpg
2015.09.02 00:20 B G:\De fat32\www\astronovel NC\Fotos\ll.jpg --> astronovel.net16.net /public_html/Fotos ll.jpg
2015.09.02 00:20 B G:\De fat32\www\astronovel NC\Fotos\ll2.jpg --> astronovel.net16.net /public_html/Fotos ll2.jpg
2015.09.02 00:20 B G:\De fat32\www\astronovel NC\Fotos\lulin rgb.jpg --> astronovel.net16.net /public_html/Fotos lulin rgb.jpg
2015.09.02 00:20 B G:\De fat32\www\astronovel NC\Fotos\luna.jpg --> astronovel.net16.net /public_html/Fotos luna.jpg
2015.09.02 00:20 B G:\De fat32\www\astronovel NC\Fotos\M1.jpg --> astronovel.net16.net /public_html/Fotos M1.jpg
2015.09.02 00:20 B G:\De fat32\www\astronovel NC\Fotos\m1rgb2.jpg --> astronovel.net16.net /public_html/Fotos m1rgb2.jpg
2015.09.02 00:20 B G:\De fat32\www\astronovel NC\Fotos\m35.jpg --> astronovel.net16.net /public_html/Fotos m35.jpg
2015.09.02 00:20 B G:\De fat32\www\astronovel NC\Fotos\m42.jpg --> astronovel.net16.net /public_html/Fotos m42.jpg
2015.09.02 00:20 B G:\De fat32\www\astronovel NC\Fotos\m42rgb2.jpg --> astronovel.net16.net /public_html/Fotos m42rgb2.jpg
2015.09.02 00:20 B G:\De fat32\www\astronovel NC\Fotos\m42rgbl.jpg --> astronovel.net16.net /public_html/Fotos m42rgbl.jpg
2015.09.02 00:20 B G:\De fat32\www\astronovel NC\Fotos\M65.jpg --> astronovel.net16.net /public_html/Fotos M65.jpg
2015.09.02 00:20 B G:\De fat32\www\astronovel NC\Fotos\M65rgb.jpg --> astronovel.net16.net /public_html/Fotos M65rgb.jpg
2015.09.02 00:20 B G:\De fat32\www\astronovel NC\Fotos\M66.jpg --> astronovel.net16.net /public_html/Fotos M66.jpg
2015.09.02 00:20 B G:\De fat32\www\astronovel NC\Fotos\M82rgb.jpg --> astronovel.net16.net /public_html/Fotos M82rgb.jpg
2015.09.02 00:20 B G:\De fat32\www\astronovel NC\Fotos\M97rgb.jpg --> astronovel.net16.net /public_html/Fotos M97rgb.jpg
2015.09.02 00:20 B G:\De fat32\www\astronovel NC\Fotos\ngc2261.jpg --> astronovel.net16.net /public_html/Fotos ngc2261.jpg
2015.09.02 00:20 B G:\De fat32\www\astronovel NC\Fotos\ngc2264.jpg --> astronovel.net16.net /public_html/Fotos ngc2264.jpg
2015.09.02 00:20 B G:\De fat32\www\astronovel NC\Fotos\ngc3628.jpg --> astronovel.net16.net /public_html/Fotos ngc3628.jpg
2015.09.02 00:20 B G:\De fat32\www\astronovel NC\Fotos\Saturno.jpg --> astronovel.net16.net /public_html/Fotos Saturno.jpg
2015.09.02 00:20 B G:\De fat32\www\astronovel NC\Fotos\Thumbs.db --> astronovel.net16.net /public_html/Fotos Thumbs.db
2016.08.22 17:40 B G:\De fat32\www\astronovel net16\Fotos\WS_FTP.LOG <-- astronovel /public_html/Fotos WS_FTP.LOG
