2010.10.04 19:41 B E:\www\astronovel\Fotos\astromartos 2009\am1ob.jpg --> ftp.telepolis.com /Fotos/astromartos 2009 am1ob.jpg
2010.10.04 19:41 B E:\www\astronovel\Fotos\astromartos 2009\am2ob.jpg --> ftp.telepolis.com /Fotos/astromartos 2009 am2ob.jpg
2010.10.04 19:41 B E:\www\astronovel\Fotos\astromartos 2009\am3com.jpg --> ftp.telepolis.com /Fotos/astromartos 2009 am3com.jpg
2010.10.04 19:41 B E:\www\astronovel\Fotos\astromartos 2009\am3ob.jpg --> ftp.telepolis.com /Fotos/astromartos 2009 am3ob.jpg
2010.10.04 19:41 B E:\www\astronovel\Fotos\astromartos 2009\am4ob.jpg --> ftp.telepolis.com /Fotos/astromartos 2009 am4ob.jpg
2010.10.04 19:41 B E:\www\astronovel\Fotos\astromartos 2009\amcla.jpg --> ftp.telepolis.com /Fotos/astromartos 2009 amcla.jpg
2010.10.04 19:42 B E:\www\astronovel\Fotos\astromartos 2009\amco.jpg --> ftp.telepolis.com /Fotos/astromartos 2009 amco.jpg
2010.10.04 19:42 B E:\www\astronovel\Fotos\astromartos 2009\amcol.jpg --> ftp.telepolis.com /Fotos/astromartos 2009 amcol.jpg
2010.10.04 19:42 B E:\www\astronovel\Fotos\astromartos 2009\amcom.jpg --> ftp.telepolis.com /Fotos/astromartos 2009 amcom.jpg
2010.10.04 19:42 B E:\www\astronovel\Fotos\astromartos 2009\amcon.jpg --> ftp.telepolis.com /Fotos/astromartos 2009 amcon.jpg
2010.10.04 19:42 B E:\www\astronovel\Fotos\astromartos 2009\amma.jpg --> ftp.telepolis.com /Fotos/astromartos 2009 amma.jpg
2010.10.04 19:42 B E:\www\astronovel\Fotos\astromartos 2009\amobsol.jpg --> ftp.telepolis.com /Fotos/astromartos 2009 amobsol.jpg
2010.10.04 19:42 B E:\www\astronovel\Fotos\astromartos 2009\amos.jpg --> ftp.telepolis.com /Fotos/astromartos 2009 amos.jpg
2010.10.04 19:43 B E:\www\astronovel\Fotos\astromartos 2009\CIMG2174.JPG --> ftp.telepolis.com /Fotos/astromartos 2009 CIMG2174.JPG
2010.10.04 19:45 B E:\www\astronovel\Fotos\astromartos 2009\CIMG2175.JPG --> ftp.telepolis.com /Fotos/astromartos 2009 CIMG2175.JPG
2010.10.04 19:46 B E:\www\astronovel\Fotos\astromartos 2009\CIMG2176.JPG --> ftp.telepolis.com /Fotos/astromartos 2009 CIMG2176.JPG
2010.10.04 19:47 B E:\www\astronovel\Fotos\astromartos 2009\CIMG2177.JPG --> ftp.telepolis.com /Fotos/astromartos 2009 CIMG2177.JPG
2010.10.04 19:49 B E:\www\astronovel\Fotos\astromartos 2009\CIMG2178.JPG --> ftp.telepolis.com /Fotos/astromartos 2009 CIMG2178.JPG
2010.10.04 19:50 B E:\www\astronovel\Fotos\astromartos 2009\CIMG2179.JPG --> ftp.telepolis.com /Fotos/astromartos 2009 CIMG2179.JPG
2010.10.04 19:50 B E:\www\astronovel\Fotos\astromartos 2009\Thumbs.db --> ftp.telepolis.com /Fotos/astromartos 2009 Thumbs.db
2012.05.30 16:51 B F:\www\astronovel webege\Fotos\astromartos 2009\am1ob.jpg --> astronovel.webege.com /public_html/Fotos/astromartos 2009 am1ob.jpg
2012.05.30 16:52 B F:\www\astronovel webege\Fotos\astromartos 2009\am2ob.jpg --> astronovel.webege.com /public_html/Fotos/astromartos 2009 am2ob.jpg
2012.05.30 16:52 B F:\www\astronovel webege\Fotos\astromartos 2009\am3com.jpg --> astronovel.webege.com /public_html/Fotos/astromartos 2009 am3com.jpg
2012.05.30 16:52 B F:\www\astronovel webege\Fotos\astromartos 2009\am3ob.jpg --> astronovel.webege.com /public_html/Fotos/astromartos 2009 am3ob.jpg
2012.05.30 16:52 B F:\www\astronovel webege\Fotos\astromartos 2009\am4ob.jpg --> astronovel.webege.com /public_html/Fotos/astromartos 2009 am4ob.jpg
2012.05.30 16:52 B F:\www\astronovel webege\Fotos\astromartos 2009\amcla.jpg --> astronovel.webege.com /public_html/Fotos/astromartos 2009 amcla.jpg
2012.05.30 16:52 B F:\www\astronovel webege\Fotos\astromartos 2009\amco.jpg --> astronovel.webege.com /public_html/Fotos/astromartos 2009 amco.jpg
2012.05.30 16:52 B F:\www\astronovel webege\Fotos\astromartos 2009\amcol.jpg --> astronovel.webege.com /public_html/Fotos/astromartos 2009 amcol.jpg
2012.05.30 16:52 B F:\www\astronovel webege\Fotos\astromartos 2009\amcom.jpg --> astronovel.webege.com /public_html/Fotos/astromartos 2009 amcom.jpg
2012.05.30 16:52 B F:\www\astronovel webege\Fotos\astromartos 2009\amcon.jpg --> astronovel.webege.com /public_html/Fotos/astromartos 2009 amcon.jpg
2012.05.30 16:52 B F:\www\astronovel webege\Fotos\astromartos 2009\amma.jpg --> astronovel.webege.com /public_html/Fotos/astromartos 2009 amma.jpg
2012.05.30 16:52 B F:\www\astronovel webege\Fotos\astromartos 2009\amobsol.jpg --> astronovel.webege.com /public_html/Fotos/astromartos 2009 amobsol.jpg
2012.05.30 16:52 B F:\www\astronovel webege\Fotos\astromartos 2009\amos.jpg --> astronovel.webege.com /public_html/Fotos/astromartos 2009 amos.jpg
2012.05.30 16:53 B F:\www\astronovel webege\Fotos\astromartos 2009\CIMG2174.JPG --> astronovel.webege.com /public_html/Fotos/astromartos 2009 CIMG2174.JPG
2012.05.30 16:53 B F:\www\astronovel webege\Fotos\astromartos 2009\CIMG2175.JPG --> astronovel.webege.com /public_html/Fotos/astromartos 2009 CIMG2175.JPG
2012.05.30 16:54 B F:\www\astronovel webege\Fotos\astromartos 2009\CIMG2176.JPG --> astronovel.webege.com /public_html/Fotos/astromartos 2009 CIMG2176.JPG
2012.05.30 16:54 B F:\www\astronovel webege\Fotos\astromartos 2009\CIMG2177.JPG --> astronovel.webege.com /public_html/Fotos/astromartos 2009 CIMG2177.JPG
2012.05.30 16:55 B F:\www\astronovel webege\Fotos\astromartos 2009\CIMG2178.JPG --> astronovel.webege.com /public_html/Fotos/astromartos 2009 CIMG2178.JPG
2012.05.30 16:56 B F:\www\astronovel webege\Fotos\astromartos 2009\CIMG2179.JPG --> astronovel.webege.com /public_html/Fotos/astromartos 2009 CIMG2179.JPG
2012.05.30 16:56 B F:\www\astronovel webege\Fotos\astromartos 2009\Thumbs.db --> astronovel.webege.com /public_html/Fotos/astromartos 2009 Thumbs.db
2012.05.30 16:56 B F:\www\astronovel webege\Fotos\astromartos 2009\WS_FTP.LOG --> astronovel.webege.com /public_html/Fotos/astromartos 2009 WS_FTP.LOG
2015.09.02 00:14 B G:\De fat32\www\astronovel NC\Fotos\astromartos 2009\am1ob.jpg --> astronovel.net16.net /public_html/Fotos/astromartos 2009 am1ob.jpg
2015.09.02 00:14 B G:\De fat32\www\astronovel NC\Fotos\astromartos 2009\am2ob.jpg --> astronovel.net16.net /public_html/Fotos/astromartos 2009 am2ob.jpg
2015.09.02 00:14 B G:\De fat32\www\astronovel NC\Fotos\astromartos 2009\am3com.jpg --> astronovel.net16.net /public_html/Fotos/astromartos 2009 am3com.jpg
2015.09.02 00:14 B G:\De fat32\www\astronovel NC\Fotos\astromartos 2009\am3ob.jpg --> astronovel.net16.net /public_html/Fotos/astromartos 2009 am3ob.jpg
2015.09.02 00:14 B G:\De fat32\www\astronovel NC\Fotos\astromartos 2009\am4ob.jpg --> astronovel.net16.net /public_html/Fotos/astromartos 2009 am4ob.jpg
2015.09.02 00:14 B G:\De fat32\www\astronovel NC\Fotos\astromartos 2009\amcla.jpg --> astronovel.net16.net /public_html/Fotos/astromartos 2009 amcla.jpg
2015.09.02 00:14 B G:\De fat32\www\astronovel NC\Fotos\astromartos 2009\amco.jpg --> astronovel.net16.net /public_html/Fotos/astromartos 2009 amco.jpg
2015.09.02 00:14 B G:\De fat32\www\astronovel NC\Fotos\astromartos 2009\amcol.jpg --> astronovel.net16.net /public_html/Fotos/astromartos 2009 amcol.jpg
2015.09.02 00:14 B G:\De fat32\www\astronovel NC\Fotos\astromartos 2009\amcom.jpg --> astronovel.net16.net /public_html/Fotos/astromartos 2009 amcom.jpg
2015.09.02 00:14 B G:\De fat32\www\astronovel NC\Fotos\astromartos 2009\amcon.jpg --> astronovel.net16.net /public_html/Fotos/astromartos 2009 amcon.jpg
2015.09.02 00:14 B G:\De fat32\www\astronovel NC\Fotos\astromartos 2009\amma.jpg --> astronovel.net16.net /public_html/Fotos/astromartos 2009 amma.jpg
2015.09.02 00:14 B G:\De fat32\www\astronovel NC\Fotos\astromartos 2009\amobsol.jpg --> astronovel.net16.net /public_html/Fotos/astromartos 2009 amobsol.jpg
2015.09.02 00:14 B G:\De fat32\www\astronovel NC\Fotos\astromartos 2009\amos.jpg --> astronovel.net16.net /public_html/Fotos/astromartos 2009 amos.jpg
2015.09.02 00:15 B G:\De fat32\www\astronovel NC\Fotos\astromartos 2009\CIMG2174.JPG --> astronovel.net16.net /public_html/Fotos/astromartos 2009 CIMG2174.JPG
2015.09.02 00:15 B G:\De fat32\www\astronovel NC\Fotos\astromartos 2009\CIMG2175.JPG --> astronovel.net16.net /public_html/Fotos/astromartos 2009 CIMG2175.JPG
2015.09.02 00:16 B G:\De fat32\www\astronovel NC\Fotos\astromartos 2009\CIMG2176.JPG --> astronovel.net16.net /public_html/Fotos/astromartos 2009 CIMG2176.JPG
2015.09.02 00:16 B G:\De fat32\www\astronovel NC\Fotos\astromartos 2009\CIMG2177.JPG --> astronovel.net16.net /public_html/Fotos/astromartos 2009 CIMG2177.JPG
2015.09.02 00:16 B G:\De fat32\www\astronovel NC\Fotos\astromartos 2009\CIMG2178.JPG --> astronovel.net16.net /public_html/Fotos/astromartos 2009 CIMG2178.JPG
2015.09.02 00:17 B G:\De fat32\www\astronovel NC\Fotos\astromartos 2009\CIMG2179.JPG --> astronovel.net16.net /public_html/Fotos/astromartos 2009 CIMG2179.JPG
2015.09.02 00:17 B G:\De fat32\www\astronovel NC\Fotos\astromartos 2009\Thumbs.db --> astronovel.net16.net /public_html/Fotos/astromartos 2009 Thumbs.db
2016.08.22 17:40 B G:\De fat32\www\astronovel net16\Fotos\astromartos 2009\WS_FTP.LOG <-- astronovel /public_html/Fotos/astromartos 2009 WS_FTP.LOG
